<?xml version="1.0" encoding="UTF-8"?>
<!-- Generated by org.testng.reporters.JUnitReportReporter -->
<testsuite hostname="MacBook-Pro-de-Julius.local" failures="0" tests="1" name="com.example.LoginClass" time="2.052" errors="0" timestamp="2024-12-16T20:30:10 GMT" skipped="0">
  <testcase classname="com.example.LoginClass" name="login" time="2.052"/>
</testsuite> <!-- com.example.LoginClass -->
