<?xml version="1.0" encoding="UTF-8"?>
<!-- Generated by org.testng.reporters.JUnitReportReporter -->
<testsuite hostname="MacBook-Pro-de-Julius.local" failures="0" tests="4" name="com.example.Billing" time="5.360" errors="0" timestamp="2024-12-16T20:30:10 GMT" skipped="0">
  <testcase classname="com.example.Billing" name="validBasket" time="2.486"/>
  <testcase classname="com.example.Billing" name="logout" time="0.715"/>
  <testcase classname="com.example.Billing" name="login" time="1.956"/>
  <testcase classname="com.example.Billing" name="addToBasket" time="0.203"/>
</testsuite> <!-- com.example.Billing -->
